Arguments: 
  /usr/local/bin/node /usr/local/bin/yarn add --dev parcel

PATH: 
  /Users/cengchao/opt/anaconda3/bin:/Users/cengchao/opt/anaconda3/condabin:/Library/Frameworks/Python.framework/Versions/3.10/bin:/usr/local/bin:/usr/local/sbin:/usr/local/bin:/System/Cryptexes/App/usr/bin:/usr/bin:/bin:/usr/sbin:/sbin:/Library/Apple/usr/bin:/Users/cengchao/Library/Android/sdk/tools:/Users/cengchao/Library/Android/sdk/platform-tools:/Users/cengchao/gradle-6.2/bin:/usr/local/mysql/bin

Yarn version: 
  1.22.17

Node version: 
  16.14.0

Platform: 
  darwin x64

Trace: 
  Error: unable to verify the first certificate
      at TLSSocket.onConnectSecure (node:_tls_wrap:1530:34)
      at TLSSocket.emit (node:events:520:28)
      at TLSSocket._finishInit (node:_tls_wrap:944:8)
      at TLSWrap.ssl.onhandshakedone (node:_tls_wrap:725:12)

npm manifest: 
  {
    "name": "zc-language",
    "version": "1.0.0",
    "main": "index.js",
    "repository": "https://github.com/Neekky/zc-language.git",
    "author": "CengChao <chao1.zeng@aihuishou.com>",
    "license": "MIT",
    "dependencies": {}
  }

yarn manifest: 
  No manifest

Lockfile: 
  # THIS IS AN AUTOGENERATED FILE. DO NOT EDIT THIS FILE DIRECTLY.
  # yarn lockfile v1
